Started GET "/" for ::1 at 2019-10-01 23:29:14 -0500
  [1m[35m (4.5ms)[0m  [1m[34mSELECT sqlite_version(*)[0m
Processing by Rails::WelcomeController#index as HTML
  Rendering /Users/warhellride/.rvm/gems/ruby-2.6.3/gems/railties-6.0.0/lib/rails/templates/rails/welcome/index.html.erb
  Rendered /Users/warhellride/.rvm/gems/ruby-2.6.3/gems/railties-6.0.0/lib/rails/templates/rails/welcome/index.html.erb (Duration: 7.9ms | Allocations: 482)
Completed 200 OK in 21ms (Views: 12.7ms | ActiveRecord: 0.0ms | Allocations: 2778)


  [1m[35m (0.7ms)[0m  [1m[34mSELECT sqlite_version(*)[0m
  [1m[35m (0.9ms)[0m  [1m[35mCREATE TABLE "schema_migrations" ("version" varchar NOT NULL PRIMARY KEY)[0m
  [1m[35m (1.0ms)[0m  [1m[35mCREATE TABLE "ar_internal_metadata" ("key" varchar NOT NULL PRIMARY KEY, "value" varchar, "created_at" datetime(6) NOT NULL, "updated_at" datetime(6) NOT NULL)[0m
  [1m[35m (0.2ms)[0m  [1m[34mSELECT "schema_migrations"."version" FROM "schema_migrations" ORDER BY "schema_migrations"."version" ASC[0m
Migrating to CreatePins (20191002043738)
  [1m[35m (0.1ms)[0m  [1m[36mbegin transaction[0m
  [1m[35m (0.6ms)[0m  [1m[35mCREATE TABLE "pins" ("id" integer PRIMARY KEY AUTOINCREMENT NOT NULL, "title" varchar, "description" text, "created_at" datetime(6) NOT NULL, "updated_at" datetime(6) NOT NULL)[0m
  [1m[36mprimary::SchemaMigration Create (0.1ms)[0m  [1m[32mINSERT INTO "schema_migrations" ("version") VALUES (?)[0m  [["version", "20191002043738"]]
  [1m[35m (0.6ms)[0m  [1m[36mcommit transaction[0m
  [1m[36mActiveRecord::InternalMetadata Load (0.1ms)[0m  [1m[34mSELECT "ar_internal_metadata".* FROM "ar_internal_metadata" WHERE "ar_internal_metadata"."key" = ? LIMIT ?[0m  [["key", "environment"], ["LIMIT", 1]]
  [1m[35m (0.0ms)[0m  [1m[36mbegin transaction[0m
  [1m[36mActiveRecord::InternalMetadata Create (0.6ms)[0m  [1m[32mINSERT INTO "ar_internal_metadata" ("key", "value", "created_at", "updated_at") VALUES (?, ?, ?, ?)[0m  [["key", "environment"], ["value", "development"], ["created_at", "2019-10-02 04:38:00.566547"], ["updated_at", "2019-10-02 04:38:00.566547"]]
  [1m[35m (0.6ms)[0m  [1m[36mcommit transaction[0m
  [1m[35m (0.0ms)[0m  [1m[34mSELECT sqlite_version(*)[0m
  [1m[35m (0.1ms)[0m  [1m[34mSELECT "schema_migrations"."version" FROM "schema_migrations" ORDER BY "schema_migrations"."version" ASC[0m
Started GET "/" for ::1 at 2019-10-01 23:43:03 -0500
  [1m[35m (0.6ms)[0m  [1m[34mSELECT sqlite_version(*)[0m
  [1m[35m (0.6ms)[0m  [1m[34mSELECT "schema_migrations"."version" FROM "schema_migrations" ORDER BY "schema_migrations"."version" ASC[0m
Processing by PinsController#index as HTML
Completed 406 Not Acceptable in 12ms (ActiveRecord: 0.0ms | Allocations: 2022)


  
ActionController::MissingExactTemplate (PinsController#index is missing a template for request formats: text/html):
  
actionpack (6.0.0) lib/action_controller/metal/implicit_render.rb:45:in `default_render'
actionpack (6.0.0) lib/action_controller/metal/basic_implicit_render.rb:6:in `block in send_action'
actionpack (6.0.0) lib/action_controller/metal/basic_implicit_render.rb:6:in `tap'
actionpack (6.0.0) lib/action_controller/metal/basic_implicit_render.rb:6:in `send_action'
actionpack (6.0.0) lib/abstract_controller/base.rb:196:in `process_action'
actionpack (6.0.0) lib/action_controller/metal/rendering.rb:30:in `process_action'
actionpack (6.0.0) lib/abstract_controller/callbacks.rb:42:in `block in process_action'
activesupport (6.0.0) lib/active_support/callbacks.rb:135:in `run_callbacks'
actionpack (6.0.0) lib/abstract_controller/callbacks.rb:41:in `process_action'
actionpack (6.0.0) lib/action_controller/metal/rescue.rb:22:in `process_action'
actionpack (6.0.0) lib/action_controller/metal/instrumentation.rb:33:in `block in process_action'
activesupport (6.0.0) lib/active_support/notifications.rb:180:in `block in instrument'
activesupport (6.0.0) lib/active_support/notifications/instrumenter.rb:24:in `instrument'
activesupport (6.0.0) lib/active_support/notifications.rb:180:in `instrument'
actionpack (6.0.0) lib/action_controller/metal/instrumentation.rb:32:in `process_action'
actionpack (6.0.0) lib/action_controller/metal/params_wrapper.rb:245:in `process_action'
activerecord (6.0.0) lib/active_record/railties/controller_runtime.rb:27:in `process_action'
actionpack (6.0.0) lib/abstract_controller/base.rb:136:in `process'
actionview (6.0.0) lib/action_view/rendering.rb:39:in `process'
actionpack (6.0.0) lib/action_controller/metal.rb:191:in `dispatch'
actionpack (6.0.0) lib/action_controller/metal.rb:252:in `dispatch'
actionpack (6.0.0) lib/action_dispatch/routing/route_set.rb:51:in `dispatch'
actionpack (6.0.0) lib/action_dispatch/routing/route_set.rb:33:in `serve'
actionpack (6.0.0) lib/action_dispatch/journey/router.rb:49:in `block in serve'
actionpack (6.0.0) lib/action_dispatch/journey/router.rb:32:in `each'
actionpack (6.0.0) lib/action_dispatch/journey/router.rb:32:in `serve'
actionpack (6.0.0) lib/action_dispatch/routing/route_set.rb:837:in `call'
rack (2.0.7) lib/rack/tempfile_reaper.rb:15:in `call'
rack (2.0.7) lib/rack/etag.rb:25:in `call'
rack (2.0.7) lib/rack/conditional_get.rb:25:in `call'
rack (2.0.7) lib/rack/head.rb:12:in `call'
actionpack (6.0.0) lib/action_dispatch/http/content_security_policy.rb:18:in `call'
rack (2.0.7) lib/rack/session/abstract/id.rb:232:in `context'
rack (2.0.7) lib/rack/session/abstract/id.rb:226:in `call'
actionpack (6.0.0) lib/action_dispatch/middleware/cookies.rb:648:in `call'
activerecord (6.0.0) lib/active_record/migration.rb:567:in `call'
actionpack (6.0.0) lib/action_dispatch/middleware/callbacks.rb:27:in `block in call'
activesupport (6.0.0) lib/active_support/callbacks.rb:101:in `run_callbacks'
actionpack (6.0.0) lib/action_dispatch/middleware/callbacks.rb:26:in `call'
actionpack (6.0.0) lib/action_dispatch/middleware/executor.rb:14:in `call'
actionpack (6.0.0) lib/action_dispatch/middleware/actionable_exceptions.rb:17:in `call'
actionpack (6.0.0) lib/action_dispatch/middleware/debug_exceptions.rb:32:in `call'
web-console (4.0.1) lib/web_console/middleware.rb:132:in `call_app'
web-console (4.0.1) lib/web_console/middleware.rb:28:in `block in call'
web-console (4.0.1) lib/web_console/middleware.rb:17:in `catch'
web-console (4.0.1) lib/web_console/middleware.rb:17:in `call'
actionpack (6.0.0) lib/action_dispatch/middleware/show_exceptions.rb:33:in `call'
railties (6.0.0) lib/rails/rack/logger.rb:38:in `call_app'
railties (6.0.0) lib/rails/rack/logger.rb:26:in `block in call'
activesupport (6.0.0) lib/active_support/tagged_logging.rb:80:in `block in tagged'
activesupport (6.0.0) lib/active_support/tagged_logging.rb:28:in `tagged'
activesupport (6.0.0) lib/active_support/tagged_logging.rb:80:in `tagged'
railties (6.0.0) lib/rails/rack/logger.rb:26:in `call'
sprockets-rails (3.2.1) lib/sprockets/rails/quiet_assets.rb:13:in `call'
actionpack (6.0.0) lib/action_dispatch/middleware/remote_ip.rb:81:in `call'
actionpack (6.0.0) lib/action_dispatch/middleware/request_id.rb:27:in `call'
rack (2.0.7) lib/rack/method_override.rb:22:in `call'
rack (2.0.7) lib/rack/runtime.rb:22:in `call'
activesupport (6.0.0) lib/active_support/cache/strategy/local_cache_middleware.rb:29:in `call'
actionpack (6.0.0) lib/action_dispatch/middleware/executor.rb:14:in `call'
actionpack (6.0.0) lib/action_dispatch/middleware/static.rb:126:in `call'
rack (2.0.7) lib/rack/sendfile.rb:111:in `call'
actionpack (6.0.0) lib/action_dispatch/middleware/host_authorization.rb:83:in `call'
webpacker (4.0.7) lib/webpacker/dev_server_proxy.rb:29:in `perform_request'
rack-proxy (0.6.5) lib/rack/proxy.rb:57:in `call'
railties (6.0.0) lib/rails/engine.rb:526:in `call'
puma (3.12.1) lib/puma/configuration.rb:227:in `call'
puma (3.12.1) lib/puma/server.rb:660:in `handle_request'
puma (3.12.1) lib/puma/server.rb:474:in `process_client'
puma (3.12.1) lib/puma/server.rb:334:in `block in run'
puma (3.12.1) lib/puma/thread_pool.rb:135:in `block in spawn_thread'
Started GET "/" for ::1 at 2019-10-01 23:43:43 -0500
Processing by PinsController#index as HTML
  Rendering pins/index.html.haml within layouts/application
  Rendered pins/index.html.haml within layouts/application (Duration: 2.3ms | Allocations: 2895)
[Webpacker] Compiling…
[Webpacker] Compiled all packs in /Users/warhellride/Desktop/coding/pinboard/public/packs
Completed 200 OK in 3714ms (Views: 3712.4ms | ActiveRecord: 0.0ms | Allocations: 1345380)


Started GET "/" for ::1 at 2019-10-01 23:53:09 -0500
  [1m[35m (0.6ms)[0m  [1m[34mSELECT sqlite_version(*)[0m
  [1m[35m (0.4ms)[0m  [1m[34mSELECT "schema_migrations"."version" FROM "schema_migrations" ORDER BY "schema_migrations"."version" ASC[0m
Processing by PinsController#index as HTML
  Rendering pins/index.html.haml within layouts/application
  Rendered pins/index.html.haml within layouts/application (Duration: 3.0ms | Allocations: 2977)
Completed 200 OK in 848ms (Views: 828.3ms | ActiveRecord: 0.0ms | Allocations: 1337393)


Started GET "/pin/new" for ::1 at 2019-10-01 23:53:17 -0500
  
ActionController::RoutingError (No route matches [GET] "/pin/new"):
  
actionpack (6.0.0) lib/action_dispatch/middleware/debug_exceptions.rb:36:in `call'
web-console (4.0.1) lib/web_console/middleware.rb:132:in `call_app'
web-console (4.0.1) lib/web_console/middleware.rb:28:in `block in call'
web-console (4.0.1) lib/web_console/middleware.rb:17:in `catch'
web-console (4.0.1) lib/web_console/middleware.rb:17:in `call'
actionpack (6.0.0) lib/action_dispatch/middleware/show_exceptions.rb:33:in `call'
railties (6.0.0) lib/rails/rack/logger.rb:38:in `call_app'
railties (6.0.0) lib/rails/rack/logger.rb:26:in `block in call'
activesupport (6.0.0) lib/active_support/tagged_logging.rb:80:in `block in tagged'
activesupport (6.0.0) lib/active_support/tagged_logging.rb:28:in `tagged'
activesupport (6.0.0) lib/active_support/tagged_logging.rb:80:in `tagged'
railties (6.0.0) lib/rails/rack/logger.rb:26:in `call'
sprockets-rails (3.2.1) lib/sprockets/rails/quiet_assets.rb:13:in `call'
actionpack (6.0.0) lib/action_dispatch/middleware/remote_ip.rb:81:in `call'
actionpack (6.0.0) lib/action_dispatch/middleware/request_id.rb:27:in `call'
rack (2.0.7) lib/rack/method_override.rb:22:in `call'
rack (2.0.7) lib/rack/runtime.rb:22:in `call'
activesupport (6.0.0) lib/active_support/cache/strategy/local_cache_middleware.rb:29:in `call'
actionpack (6.0.0) lib/action_dispatch/middleware/executor.rb:14:in `call'
actionpack (6.0.0) lib/action_dispatch/middleware/static.rb:126:in `call'
rack (2.0.7) lib/rack/sendfile.rb:111:in `call'
actionpack (6.0.0) lib/action_dispatch/middleware/host_authorization.rb:83:in `call'
webpacker (4.0.7) lib/webpacker/dev_server_proxy.rb:29:in `perform_request'
rack-proxy (0.6.5) lib/rack/proxy.rb:57:in `call'
railties (6.0.0) lib/rails/engine.rb:526:in `call'
puma (3.12.1) lib/puma/configuration.rb:227:in `call'
puma (3.12.1) lib/puma/server.rb:660:in `handle_request'
puma (3.12.1) lib/puma/server.rb:474:in `process_client'
puma (3.12.1) lib/puma/server.rb:334:in `block in run'
puma (3.12.1) lib/puma/thread_pool.rb:135:in `block in spawn_thread'
Started GET "/pin/new" for ::1 at 2019-10-01 23:53:45 -0500
  
ActionController::RoutingError (No route matches [GET] "/pin/new"):
  
actionpack (6.0.0) lib/action_dispatch/middleware/debug_exceptions.rb:36:in `call'
web-console (4.0.1) lib/web_console/middleware.rb:132:in `call_app'
web-console (4.0.1) lib/web_console/middleware.rb:28:in `block in call'
web-console (4.0.1) lib/web_console/middleware.rb:17:in `catch'
web-console (4.0.1) lib/web_console/middleware.rb:17:in `call'
actionpack (6.0.0) lib/action_dispatch/middleware/show_exceptions.rb:33:in `call'
railties (6.0.0) lib/rails/rack/logger.rb:38:in `call_app'
railties (6.0.0) lib/rails/rack/logger.rb:26:in `block in call'
activesupport (6.0.0) lib/active_support/tagged_logging.rb:80:in `block in tagged'
activesupport (6.0.0) lib/active_support/tagged_logging.rb:28:in `tagged'
activesupport (6.0.0) lib/active_support/tagged_logging.rb:80:in `tagged'
railties (6.0.0) lib/rails/rack/logger.rb:26:in `call'
sprockets-rails (3.2.1) lib/sprockets/rails/quiet_assets.rb:13:in `call'
actionpack (6.0.0) lib/action_dispatch/middleware/remote_ip.rb:81:in `call'
actionpack (6.0.0) lib/action_dispatch/middleware/request_id.rb:27:in `call'
rack (2.0.7) lib/rack/method_override.rb:22:in `call'
rack (2.0.7) lib/rack/runtime.rb:22:in `call'
activesupport (6.0.0) lib/active_support/cache/strategy/local_cache_middleware.rb:29:in `call'
actionpack (6.0.0) lib/action_dispatch/middleware/executor.rb:14:in `call'
actionpack (6.0.0) lib/action_dispatch/middleware/static.rb:126:in `call'
rack (2.0.7) lib/rack/sendfile.rb:111:in `call'
actionpack (6.0.0) lib/action_dispatch/middleware/host_authorization.rb:83:in `call'
webpacker (4.0.7) lib/webpacker/dev_server_proxy.rb:29:in `perform_request'
rack-proxy (0.6.5) lib/rack/proxy.rb:57:in `call'
railties (6.0.0) lib/rails/engine.rb:526:in `call'
puma (3.12.1) lib/puma/configuration.rb:227:in `call'
puma (3.12.1) lib/puma/server.rb:660:in `handle_request'
puma (3.12.1) lib/puma/server.rb:474:in `process_client'
puma (3.12.1) lib/puma/server.rb:334:in `block in run'
puma (3.12.1) lib/puma/thread_pool.rb:135:in `block in spawn_thread'
Started GET "/pins/new" for ::1 at 2019-10-01 23:54:04 -0500
Processing by PinsController#new as HTML
  Rendering pins/new.html.haml within layouts/application
  Rendered pins/_form.html.haml (Duration: 2.7ms | Allocations: 1817)
  Rendered pins/new.html.haml within layouts/application (Duration: 7.9ms | Allocations: 3513)
Completed 500 Internal Server Error in 28ms (ActiveRecord: 0.5ms | Allocations: 10827)


  
ActionView::Template::Error (Inconsistent indentation: "\t  \t" used for indentation, but the rest of the document was indented using 1 tab.):
    1: = simple_form_for @pin, html: {multipart: true} do |f|
    2: 	- if @pin.errors.any?
    3: 	  	#errors
    4: 	  	%h2
    5: 	  	= pluralize(@pin.errors.count, "error")
    6: 	  	prevented this Pin from saving
  
app/views/pins/_form.html.haml:3
app/views/pins/new.html.haml:3
Started GET "/pins/new" for ::1 at 2019-10-01 23:55:51 -0500
Processing by PinsController#new as HTML
  Rendering pins/new.html.haml within layouts/application
  Rendered pins/_form.html.haml (Duration: 3.2ms | Allocations: 1816)
  Rendered pins/new.html.haml within layouts/application (Duration: 11.6ms | Allocations: 3554)
Completed 500 Internal Server Error in 28ms (ActiveRecord: 0.0ms | Allocations: 4763)


  
ActionView::Template::Error (Inconsistent indentation: "\t  \t" used for indentation, but the rest of the document was indented using 1 tab.):
    1: = simple_form_for @pin, html: { multipart: true } do |f|
    2: 	- if @pin.errors.any?
    3: 	  	#errors
    4: 	  		%h2
    5: 	  			= pluralize(@pin.errors.count, "error")
    6: 	  			prevented this Pin from saving
  
app/views/pins/_form.html.haml:3
app/views/pins/new.html.haml:3
Started GET "/pins/new" for ::1 at 2019-10-01 23:57:11 -0500
Processing by PinsController#new as HTML
  Rendering pins/new.html.haml within layouts/application
  Rendered pins/_form.html.haml (Duration: 0.9ms | Allocations: 1815)
  Rendered pins/new.html.haml within layouts/application (Duration: 3.4ms | Allocations: 3554)
Completed 500 Internal Server Error in 6ms (ActiveRecord: 0.0ms | Allocations: 4760)


  
ActionView::Template::Error (Inconsistent indentation: "\t  \t\t" used for indentation, but the rest of the document was indented using 2 tabs.):
    1: = simple_form_for @pin, html: { multipart: true } do |f|
    2: 		- if @pin.errors.any?
    3: 	  		#errors
    4: 	  			%h2
    5: 	  				= pluralize(@pin.errors.count, "error")
    6: 	  				prevented this Pin from saving
  
app/views/pins/_form.html.haml:3
app/views/pins/new.html.haml:3
Started GET "/pins/new" for ::1 at 2019-10-01 23:57:44 -0500
Processing by PinsController#new as HTML
  Rendering pins/new.html.haml within layouts/application
  Rendered pins/_form.html.haml (Duration: 2.7ms | Allocations: 1858)
  Rendered pins/new.html.haml within layouts/application (Duration: 6.4ms | Allocations: 3595)
Completed 500 Internal Server Error in 9ms (ActiveRecord: 0.0ms | Allocations: 4796)


  
ActionView::Template::Error (Inconsistent indentation: "\t  \t\t\t" used for indentation, but the rest of the document was indented using 1 tab.):
    1: = simple_form_for @pin, html: { multipart: true } do |f|
    2: 	- if @pin.errors.any?
    3: 		#errors
    4: 	  			%h2
    5: 	  				= pluralize(@pin.errors.count, "error")
    6: 	  				prevented this Pin from saving
    7: 	  			%ul
  
app/views/pins/_form.html.haml:4
app/views/pins/new.html.haml:3
Started GET "/pins/new" for ::1 at 2019-10-01 23:58:15 -0500
Processing by PinsController#new as HTML
  Rendering pins/new.html.haml within layouts/application
  Rendered pins/_form.html.haml (Duration: 2.1ms | Allocations: 1853)
  Rendered pins/new.html.haml within layouts/application (Duration: 4.4ms | Allocations: 3590)
Completed 500 Internal Server Error in 7ms (ActiveRecord: 0.0ms | Allocations: 4791)


  
ActionView::Template::Error (Inconsistent indentation: "\t  \t\t\t" used for indentation, but the rest of the document was indented using 1 tab.):
    1: = simple_form_for @pin, html: { multipart: true } do |f|
    2: 	- if @pin.errors.any?
    3: 		#errors
    4: 	  			%h2
    5: 				= pluralize(@pin.errors.count, "error")
    6: 				prevented this Pin from saving
    7: 			%ul
  
app/views/pins/_form.html.haml:4
app/views/pins/new.html.haml:3
Started GET "/pins/new" for ::1 at 2019-10-01 23:58:50 -0500
Processing by PinsController#new as HTML
  Rendering pins/new.html.haml within layouts/application
  Rendered pins/_form.html.haml (Duration: 7.7ms | Allocations: 3704)
  Rendered pins/new.html.haml within layouts/application (Duration: 10.0ms | Allocations: 5441)
Completed 500 Internal Server Error in 12ms (ActiveRecord: 0.0ms | Allocations: 6643)


  
ActionView::SyntaxErrorInTemplate (Encountered a syntax error while rendering template: check = simple_form_for @pin, html: { multipart: true } do |f|
	- if @pin.errors.any?
		#errors
			%h2
				= pluralize(@pin.errors.count, "error")
				prevented this Pin from saving
			%ul
				- @pin.errors.full_messages.each do |msg|
					%li= msg

	.form-group
		= f.input :title, input_html { class: 'form-control' }

	.form-group
		= f.input :description, input_html: { class: 'form-control' }

	= f.button :submit, class: "btn btn-primary"

):
1:    = simple_form_for @pin, html: { multipart: true } do |f|
2:    	- if @pin.errors.any?
3:    		#errors
4:    			%h2
5:    				= pluralize(@pin.errors.count, "error")
6:    				prevented this Pin from saving
7:    			%ul
8:    				- @pin.errors.full_messages.each do |msg|
9:    					%li= msg
10:    
11:    	.form-group
12:    		= f.input :title, input_html { class: 'form-control' }
13:    
14:    	.form-group
15:    		= f.input :description, input_html: { class: 'form-control' }
16:    
17:    	= f.button :submit, class: "btn btn-primary"
  
app/views/pins/_form.html.haml:12: syntax error, unexpected ':'
app/views/pins/_form.html.haml:12: syntax error, unexpected ':'
app/views/pins/_form.html.haml:12: syntax error, unexpected ':'
app/views/pins/_form.html.haml:12: syntax error, unexpected ':'
app/views/pins/_form.html.haml:12: syntax error, unexpected ':'
app/views/pins/_form.html.haml:12: syntax error, unexpected ':'
app/views/pins/new.html.haml:3
Started GET "/pins/new" for ::1 at 2019-10-01 23:59:07 -0500
Processing by PinsController#new as HTML
  Rendering pins/new.html.haml within layouts/application
  Rendered pins/_form.html.haml (Duration: 107.0ms | Allocations: 27126)
  Rendered pins/new.html.haml within layouts/application (Duration: 109.3ms | Allocations: 28883)
Completed 200 OK in 125ms (Views: 123.0ms | ActiveRecord: 0.0ms | Allocations: 34753)


